<?xml version="1.0" encoding="UTF-8"?>
<testsuite name="StringCalculatorTest" tests="1" skipped="0" failures="0" errors="0" timestamp="2024-11-10T17:19:25" hostname="DESKTOP-3MHJEFS" time="0.031">
  <properties/>
  <testcase name="testAddSingleNumber()" classname="StringCalculatorTest" time="0.031"/>
  <system-out><![CDATA[]]></system-out>
  <system-err><![CDATA[]]></system-err>
</testsuite>
